<?xml version="1.0" encoding="UTF-8"?>
<!-- Generated by org.testng.reporters.JUnitXMLReporter -->
<testsuite ignored="2" hostname="DESKTOP-VVD3BPA" failures="1" tests="1" name="Default test(failed)" time="0.064" errors="0" timestamp="2022-08-30T15:22:10 IST">
  <testcase classname="Testngprograms.Checkenabled" name="home" time="0.0">
    <failure type="org.testng.TestNGException" message="
Parameter &amp;apos;browser&amp;apos; is required by @Test on method home but has not been marked @Optional or defined
in C:\Users\User\git\testngproject\TestNGpractice\test-output\testng-failed.xml">
      <![CDATA[org.testng.TestNGException: 
Parameter 'browser' is required by @Test on method home but has not been marked @Optional or defined
in C:\Users\User\git\testngproject\TestNGpractice\test-output\testng-failed.xml
at java.base/java.util.ArrayList.forEach(ArrayList.java:1511)
... Removed 26 stack frames]]>
    </failure>
  </testcase> <!-- home -->
  <testcase classname="Testngprograms.Checkenabled" name="login" time="0.0">
    <ignored/>
  </testcase> <!-- login -->
  <testcase classname="Testngprograms.Checkenabled" name="feed" time="0.0">
    <ignored/>
  </testcase> <!-- feed -->
</testsuite> <!-- Default test(failed) -->
